flask_session
azure
multi_key_dict
lunardate
configobj
contextvars
azure_storage
timeout_decorator
aiodns
azure_cli_nspkg
ifaddr
schedule
oldest_supported_numpy
avro_gen
thrift_sasl
dpath
pyrfc3339
pyotp
flask_swagger
htmlmin
ec2_metadata
aws_requests_auth
flask_session
dbt
portpicker
azure_storage_nspkg
flask_compress
pyluach
pydeequ
pydub
opentelemetry_semantic_conventions
dockerpty
flake8_polyfill
keep_alive
yq
expiringdict
spark_sklearn
poyo
json_merge_patch
html2text
update_checker
pyee
blessings
marshmallow_oneofschema
googleads
apache_airflow_providers_mysql
toposort
fake_useragent
bottle
flask_openid
ninja
cfn_flip
googlemaps
notebook_shim
intervaltree
azure_servicemanagement_legacy
orderedmultidict
dbt_bigquery
pyhocon
openapi_spec_validator
blessed
inflect
types_protobuf
bitarray
jwcrypto
fbprophet
flask_jwt_extended
cron_descriptor
flake8_bugbear
xxhash
python_box
pep8_naming
pastedeploy
zeroconf
s3cmd
oslo_serialization
langcodes
azure_mgmt_subscription
msgpack_python
python_jenkins
mypy_boto3_s3
hupper
influxdb
aioredis
debtcollector
django_redis
spark_nlp
youtube_search_python
types_six
imagehash
oslo_i18n
pytest_django
venusian
google_cloud_trace
fastparquet
lz4
oslo_config
fabric
oslo_utils
databricks_sql_connector
strictyaml
lark_parser
koalas
mlxtend
django_debug_toolbar
pgpy
azure_storage_file_share
python_crfsuite
pympler
cookiecutter
raven
omegaconf
keystoneauth1
python_gitlab
pycares
flower
swagger_ui_bundle
pyrogram
uwsgi
reportlab
gsutil
timezonefinder
pattern
flask_admin
sympy
azure_mgmt
pkgconfig
probableparsing
pycalverter
exceptiongroup
gitdb2
backports_ssl_match_hostname
mergedeep
patch
types_toml
usaddress
colour
functools32
spacy_loggers
opentelemetry_instrumentation
pymsteams
build
oyaml
pyfarmhash
apache_airflow_providers_ftp
databricks_pypi1
casttube
requests_futures
apache_airflow_providers_imap
diskcache
whitenoise
geomet
cssselect2
grpcio_gcp
concurrent_log_handler
cerberus_python_client
cmake
mozrunner
voluptuous
tgcrypto
annoy
translationstring
azure_mgmt_managementpartner
analytics_python
pep562
apache_airflow_providers_sqlite
aws_psycopg2
azure_mgmt_powerbiembedded
azure_mgmt_hanaonazure
azure_mgmt_devspaces
catt
azure_mgmt_machinelearningcompute
azure_mgmt_scheduler
sshpubkeys
plaster_pastedeploy
faiss_cpu
pyquery
resampy
pyramid_mako
azure_mgmt_notificationhubs
parsel
autograd
plaster
pynamodb
webdriver_manager
aiohttp_cors
opentelemetry_exporter_otlp_proto_grpc
pygsheets
pyppeteer
webrtcvad_wheels
qrcode
distribute
pychromecast
snakebite_py3
parse_type
flask_restful
graphql_relay
opentelemetry_proto
tablib
pystache
google_cloud_kms
graphene
hstspreload
atlassian_python_api
cassandra_driver
testfixtures
asyncio
pydash
atlassian_jwt_auth
aws_lambda_powertools
azure_applicationinsights
pyramid_jinja2
azure_mgmt_logic
elementpath
azure_servicefabric
cramjam
drf_yasg
clickhouse_driver
cytoolz
dynaconf
minio
h3
gql
soundfile
pyhamcrest
ldap3
robotframework
python_ldap
pmdarima
pandas_profiling
pyramid_debugtoolbar
azure_mgmt_commerce
social_auth_core
xmlschema
deltalake
apache_airflow_providers_google
mysql_connector
xarray
scrapy
av
mlflow_skinny
pyelftools
